<?xml version="1.0" encoding="UTF-8"?>
<!-- Generated by org.testng.reporters.JUnitXMLReporter -->
<testsuite ignored="5" hostname="DESKTOP-DENE2N4" failures="0" tests="1" name="Alert_test" time="32.991" errors="0" timestamp="2023-09-23T16:53:57 IST">
  <testcase classname="tests.Alert_test" name="clickAlert_frame_window" time="0.115"/>
  <testcase classname="tests.Alert_test" name="ClickAlert_WithOk" time="0.0">
    <ignored/>
  </testcase> <!-- ClickAlert_WithOk -->
  <testcase classname="tests.Alert_test" name="clickAlertWithOK_5sec" time="0.0">
    <ignored/>
  </testcase> <!-- clickAlertWithOK_5sec -->
  <testcase classname="tests.Alert_test" name="clickAlertWithINPUTBOX" time="0.0">
    <ignored/>
  </testcase> <!-- clickAlertWithINPUTBOX -->
  <testcase classname="tests.Alert_test" name="clickAlertWithOK_CANCLE" time="0.0">
    <ignored/>
  </testcase> <!-- clickAlertWithOK_CANCLE -->
  <testcase classname="tests.Alert_test" name="clickAlert" time="0.0">
    <ignored/>
  </testcase> <!-- clickAlert -->
</testsuite> <!-- Alert_test -->
