<?xml version="1.0" encoding="UTF-8"?>
<!-- Generated by org.testng.reporters.JUnitXMLReporter -->
<testsuite ignored="4" hostname="DESKTOP-DENE2N4" failures="0" tests="1" name="Browser_Window_test" time="22.419" errors="0" timestamp="2023-09-23T16:54:19 IST">
  <testcase classname="tests.Browser_Window_test" name="Click_Alert_windows_frame" time="0.122"/>
  <testcase classname="tests.Browser_Window_test" name="New_windows_message" time="0.0">
    <ignored/>
  </testcase> <!-- New_windows_message -->
  <testcase classname="tests.Browser_Window_test" name="Click_browser_window" time="0.0">
    <ignored/>
  </testcase> <!-- Click_browser_window -->
  <testcase classname="tests.Browser_Window_test" name="Open_new_window" time="0.0">
    <ignored/>
  </testcase> <!-- Open_new_window -->
  <testcase classname="tests.Browser_Window_test" name="Open_new_tab" time="0.0">
    <ignored/>
  </testcase> <!-- Open_new_tab -->
</testsuite> <!-- Browser_Window_test -->
