<?xml version="1.0" encoding="UTF-8"?>
<!-- Generated by org.testng.reporters.JUnitXMLReporter -->
<testsuite ignored="3" hostname="DESKTOP-DENE2N4" failures="0" tests="0" time="0.001" errors="0" timestamp="2023-09-23T16:53:08 IST">
  <testcase classname="tests.Checkbox_test" name="clickelement" time="0.0">
    <ignored/>
  </testcase> <!-- clickelement -->
  <testcase classname="tests.Checkbox_test" name="clickcheckbox" time="0.0">
    <ignored/>
  </testcase> <!-- clickcheckbox -->
  <testcase classname="tests.Checkbox_test" name="clickmobile" time="0.0">
    <ignored/>
  </testcase> <!-- clickmobile -->
</testsuite>
