<?xml version="1.0" encoding="UTF-8"?>
<!-- Generated by org.testng.reporters.JUnitXMLReporter -->
<testsuite ignored="5" hostname="DESKTOP-DENE2N4" failures="0" tests="0" time="0.001" errors="0" timestamp="2023-09-23T16:54:19 IST">
  <testcase classname="tests.Frame_test" name="Click_Alert_windows_frame" time="0.0">
    <ignored/>
  </testcase> <!-- Click_Alert_windows_frame -->
  <testcase classname="tests.Frame_test" name="Read_childframe1_text" time="0.0">
    <ignored/>
  </testcase> <!-- Read_childframe1_text -->
  <testcase classname="tests.Frame_test" name="Click_Frame" time="0.0">
    <ignored/>
  </testcase> <!-- Click_Frame -->
  <testcase classname="tests.Frame_test" name="Read_parentframe_text" time="0.0">
    <ignored/>
  </testcase> <!-- Read_parentframe_text -->
  <testcase classname="tests.Frame_test" name="Read_childframe2_text" time="0.0">
    <ignored/>
  </testcase> <!-- Read_childframe2_text -->
</testsuite>
