<?xml version="1.0" encoding="UTF-8"?>
<!-- Generated by org.testng.reporters.JUnitXMLReporter -->
<testsuite ignored="5" hostname="DESKTOP-DENE2N4" failures="0" tests="0" time="0.003" errors="0" timestamp="2023-09-23T16:53:24 IST">
  <testcase classname="tests.Link_test" name="clicklinks" time="0.0">
    <ignored/>
  </testcase> <!-- clicklinks -->
  <testcase classname="tests.Link_test" name="changeWindow" time="0.0">
    <ignored/>
  </testcase> <!-- changeWindow -->
  <testcase classname="tests.Link_test" name="CloseWindow" time="0.0">
    <ignored/>
  </testcase> <!-- CloseWindow -->
  <testcase classname="tests.Link_test" name="clickElement" time="0.0">
    <ignored/>
  </testcase> <!-- clickElement -->
  <testcase classname="tests.Link_test" name="clickdemoPages" time="0.0">
    <ignored/>
  </testcase> <!-- clickdemoPages -->
</testsuite>
