<?xml version="1.0" encoding="UTF-8"?>
<!-- Generated by org.testng.reporters.JUnitXMLReporter -->
<testsuite ignored="4" hostname="DESKTOP-DENE2N4" failures="0" tests="0" time="0.001" errors="0" timestamp="2023-09-23T16:54:19 IST">
  <testcase classname="tests.Model_dailoge_test" name="read_Small_model" time="0.0">
    <ignored/>
  </testcase> <!-- read_Small_model -->
  <testcase classname="tests.Model_dailoge_test" name="click_Model_dailoge" time="0.0">
    <ignored/>
  </testcase> <!-- click_Model_dailoge -->
  <testcase classname="tests.Model_dailoge_test" name="click_Alert_windows_frame" time="0.0">
    <ignored/>
  </testcase> <!-- click_Alert_windows_frame -->
  <testcase classname="tests.Model_dailoge_test" name="read_Lage_model" time="0.0">
    <ignored/>
  </testcase> <!-- read_Lage_model -->
</testsuite>
