<?xml version="1.0" encoding="UTF-8"?>
<!-- Generated by org.testng.reporters.JUnitXMLReporter -->
<testsuite ignored="4" hostname="DESKTOP-DENE2N4" failures="0" tests="0" time="0.002" errors="0" timestamp="2023-09-23T16:54:19 IST">
  <testcase classname="tests.Nasted_frame_test" name="Click_Alert_windows_frame" time="0.0">
    <ignored/>
  </testcase> <!-- Click_Alert_windows_frame -->
  <testcase classname="tests.Nasted_frame_test" name="Click_Frame" time="0.0">
    <ignored/>
  </testcase> <!-- Click_Frame -->
  <testcase classname="tests.Nasted_frame_test" name="Enter_inner_parrentframe" time="0.0">
    <ignored/>
  </testcase> <!-- Enter_inner_parrentframe -->
  <testcase classname="tests.Nasted_frame_test" name="Enter_childframe" time="0.0">
    <ignored/>
  </testcase> <!-- Enter_childframe -->
</testsuite>
