<?xml version="1.0" encoding="UTF-8"?>
<!-- Generated by org.testng.reporters.JUnitXMLReporter -->
<testsuite ignored="5" hostname="DESKTOP-DENE2N4" failures="0" tests="0" time="0.002" errors="0" timestamp="2023-09-23T16:53:08 IST">
  <testcase classname="tests.RadioButton_Test" name="pressRadioButtonNo" time="0.0">
    <ignored/>
  </testcase> <!-- pressRadioButtonNo -->
  <testcase classname="tests.RadioButton_Test" name="click_element" time="0.0">
    <ignored/>
  </testcase> <!-- click_element -->
  <testcase classname="tests.RadioButton_Test" name="pressRadioButtonImpressive" time="0.0">
    <ignored/>
  </testcase> <!-- pressRadioButtonImpressive -->
  <testcase classname="tests.RadioButton_Test" name="clickradiobutton" time="0.0">
    <ignored/>
  </testcase> <!-- clickradiobutton -->
  <testcase classname="tests.RadioButton_Test" name="pressRadioButtonYes" time="0.0">
    <ignored/>
  </testcase> <!-- pressRadioButtonYes -->
</testsuite>
