<?xml version="1.0" encoding="UTF-8"?>
<!-- Generated by org.testng.reporters.JUnitXMLReporter -->
<testsuite ignored="6" hostname="DESKTOP-DENE2N4" failures="0" tests="0" time="0.011" errors="0" timestamp="2023-09-23T16:54:20 IST">
  <testcase classname="tests.Select_menu_test" name="click_select_value" time="0.0">
    <ignored/>
  </testcase> <!-- click_select_value -->
  <testcase classname="tests.Select_menu_test" name="click_standard_multi_select" time="0.0">
    <ignored/>
  </testcase> <!-- click_standard_multi_select -->
  <testcase classname="tests.Select_menu_test" name="Click_Wedgets" time="0.0">
    <ignored/>
  </testcase> <!-- Click_Wedgets -->
  <testcase classname="tests.Select_menu_test" name="click_old_style_select_menu" time="0.0">
    <ignored/>
  </testcase> <!-- click_old_style_select_menu -->
  <testcase classname="tests.Select_menu_test" name="click_select_menu" time="0.0">
    <ignored/>
  </testcase> <!-- click_select_menu -->
  <testcase classname="tests.Select_menu_test" name="click_select_one" time="0.0">
    <ignored/>
  </testcase> <!-- click_select_one -->
</testsuite>
