<?xml version="1.0" encoding="UTF-8"?>
<!-- Generated by org.testng.reporters.JUnitXMLReporter -->
<testsuite ignored="5" hostname="DESKTOP-DENE2N4" failures="0" tests="0" time="0.002" errors="0" timestamp="2023-09-23T16:54:20 IST">
  <testcase classname="tests.Tabs_test" name="ReadTextFromtab2" time="0.0">
    <ignored/>
  </testcase> <!-- ReadTextFromtab2 -->
  <testcase classname="tests.Tabs_test" name="ReadTextFromtab3" time="0.0">
    <ignored/>
  </testcase> <!-- ReadTextFromtab3 -->
  <testcase classname="tests.Tabs_test" name="Clickwedgets" time="0.0">
    <ignored/>
  </testcase> <!-- Clickwedgets -->
  <testcase classname="tests.Tabs_test" name="ReadTextFromtab1" time="0.0">
    <ignored/>
  </testcase> <!-- ReadTextFromtab1 -->
  <testcase classname="tests.Tabs_test" name="Clicktabs" time="0.0">
    <ignored/>
  </testcase> <!-- Clicktabs -->
</testsuite>
