<?xml version="1.0" encoding="UTF-8"?>
<!-- Generated by org.testng.reporters.JUnitXMLReporter -->
<testsuite ignored="4" hostname="DESKTOP-DENE2N4" failures="0" tests="0" time="0.002" errors="0" timestamp="2023-09-23T16:53:08 IST">
  <testcase classname="tests.TextBox_test" name="checkdetails" time="0.0">
    <ignored/>
  </testcase> <!-- checkdetails -->
  <testcase classname="tests.TextBox_test" name="fill_details" time="0.0">
    <ignored/>
  </testcase> <!-- fill_details -->
  <testcase classname="tests.TextBox_test" name="click_textbox" time="0.0">
    <ignored/>
  </testcase> <!-- click_textbox -->
  <testcase classname="tests.TextBox_test" name="click_element" time="0.0">
    <ignored/>
  </testcase> <!-- click_element -->
</testsuite>
