<?xml version="1.0" encoding="UTF-8"?>
<!-- Generated by org.testng.reporters.JUnitXMLReporter -->
<testsuite ignored="4" hostname="DESKTOP-DENE2N4" failures="0" tests="0" time="0.007" errors="0" timestamp="2023-09-23T16:53:57 IST">
  <testcase classname="tests.Upload_downlode_test" name="ClickSelectfile" time="0.0">
    <ignored/>
  </testcase> <!-- ClickSelectfile -->
  <testcase classname="tests.Upload_downlode_test" name="uplodefile" time="0.0">
    <ignored/>
  </testcase> <!-- uplodefile -->
  <testcase classname="tests.Upload_downlode_test" name="Clickelement" time="0.0">
    <ignored/>
  </testcase> <!-- Clickelement -->
  <testcase classname="tests.Upload_downlode_test" name="Click_uplode_downlode" time="0.0">
    <ignored/>
  </testcase> <!-- Click_uplode_downlode -->
</testsuite>
